0 info it worked if it ends with ok
1 verbose cli [ '/Users/aakilfernandes/.nvm/versions/node/v4.0.0/bin/node',
1 verbose cli   '/Users/aakilfernandes/.nvm/versions/node/v4.0.0/bin/npm',
1 verbose cli   'publish' ]
2 info using npm@2.14.2
3 info using node@v4.0.0
4 verbose publish [ '.' ]
5 silly cache add args [ '.', null ]
6 verbose cache add spec .
7 silly cache add parsed spec Result {
7 silly cache add   raw: '.',
7 silly cache add   scope: null,
7 silly cache add   name: null,
7 silly cache add   rawSpec: '.',
7 silly cache add   spec: '/Users/aakilfernandes/projects/safemarket/grunt-geth',
7 silly cache add   type: 'directory' }
8 verbose addLocalDirectory /Users/aakilfernandes/.npm/grunt-geth/0.1.2/package.tgz not in flight; packing
9 verbose tar pack [ '/Users/aakilfernandes/.npm/grunt-geth/0.1.2/package.tgz',
9 verbose tar pack   '/Users/aakilfernandes/projects/safemarket/grunt-geth' ]
10 verbose tarball /Users/aakilfernandes/.npm/grunt-geth/0.1.2/package.tgz
11 verbose folder /Users/aakilfernandes/projects/safemarket/grunt-geth
12 info prepublish grunt-geth@0.1.2
13 verbose addLocalTarball adding from inside cache /Users/aakilfernandes/.npm/grunt-geth/0.1.2/package.tgz
14 silly cache afterAdd grunt-geth@0.1.2
15 verbose afterAdd /Users/aakilfernandes/.npm/grunt-geth/0.1.2/package/package.json not in flight; writing
16 verbose afterAdd /Users/aakilfernandes/.npm/grunt-geth/0.1.2/package/package.json written
17 silly publish { engines: { node: '>= 0.10.0' },
17 silly publish   devDependencies: { grunt: '~0.4.5' },
17 silly publish   name: 'grunt-geth',
17 silly publish   description: 'Spawn new geth instances from grunt',
17 silly publish   version: '0.1.2',
17 silly publish   main: 'Gruntfile.js',
17 silly publish   scripts: { test: 'grunt geth' },
17 silly publish   repository:
17 silly publish    { type: 'git',
17 silly publish      url: 'git+https://github.com/SafeMarket/grunt-geth.git' },
17 silly publish   keywords: [ 'grunt', 'geth', 'ethereum' ],
17 silly publish   author: { name: 'Aakil Fernandes' },
17 silly publish   license: 'MIT',
17 silly publish   bugs: { url: 'https://github.com/SafeMarket/grunt-geth/issues' },
17 silly publish   homepage: 'https://github.com/SafeMarket/grunt-geth#readme',
17 silly publish   readme: '# grunt-geth\n\n> Spawn geth instances from the command line\n\n## Getting Started\nThis plugin requires Grunt `~0.4.5`\n\nIf you haven\'t used [Grunt](http://gruntjs.com/) before, be sure to check out the [Getting Started](http://gruntjs.com/getting-started) guide, as it explains how to create a [Gruntfile](http://gruntjs.com/sample-gruntfile) as well as install and use Grunt plugins. Once you\'re familiar with that process, you may install this plugin with this command:\n\n```shell\nnpm install grunt-geth --save-dev \n```\n\nOnce the plugin has been installed, it may be enabled inside your Gruntfile with this line of JavaScript:\n\n```js\ngrunt.loadNpmTasks(\'grunt-geth\');\n```\n\n## The "geth" task\n\nSpawn geth instances from the command line\n\n```js\ngrunt.initConfig({\n    geth:{\n        development:{\n            options:{\n                bin: \'geth\'\n                ,flags:{\n                    rpcport: 8101\n                    ,rpccorsdomain: \'http://127.0.0.1:8000\'\n                    ,genesis: \'genesis.json\'\n                    ,datadir: \'/tmp/devchain\'\n                    ,maxpeers: 0\n                },commands:{\n                    js: \'js/test.js\'\n          \t    }\n            }\n        ,production:{\n            options:{\n                flags:{\n                    rpccorsdomain: \'http://127.0.0.1:8000\'\n                }\n            }\n        }\n    }\n})\n```',
17 silly publish   readmeFilename: 'readme.md',
17 silly publish   gitHead: '534bef2fb7bf40eb87af62f3da3303bac24b2db1',
17 silly publish   _id: 'grunt-geth@0.1.2',
17 silly publish   _shasum: 'b2b7782b541357ab4d676ae2b4ad80774a1e8be4',
17 silly publish   _from: '.' }
18 verbose getPublishConfig undefined
19 silly mapToRegistry name grunt-geth
20 silly mapToRegistry using default registry
21 silly mapToRegistry registry https://registry.npmjs.org/
22 silly mapToRegistry uri https://registry.npmjs.org/grunt-geth
23 verbose publish registryBase https://registry.npmjs.org/
24 silly publish uploading /Users/aakilfernandes/.npm/grunt-geth/0.1.2/package.tgz
25 verbose request uri https://registry.npmjs.org/grunt-geth
26 verbose request sending authorization for write operation
27 info attempt registry request try #1 at 5:11:15 PM
28 verbose request using bearer token for auth
29 verbose request id f636bdc5c68ac571
30 http request PUT https://registry.npmjs.org/grunt-geth
31 http 403 https://registry.npmjs.org/grunt-geth
32 verbose headers { 'content-type': 'application/json',
32 verbose headers   'cache-control': 'max-age=300',
32 verbose headers   'content-length': '95',
32 verbose headers   'accept-ranges': 'bytes',
32 verbose headers   date: 'Sun, 14 Feb 2016 22:11:16 GMT',
32 verbose headers   via: '1.1 varnish',
32 verbose headers   connection: 'keep-alive',
32 verbose headers   'x-served-by': 'cache-jfk1042-JFK',
32 verbose headers   'x-cache': 'MISS',
32 verbose headers   'x-cache-hits': '0',
32 verbose headers   'x-timer': 'S1455487875.728333,VS0,VE737' }
33 verbose request invalidating /Users/aakilfernandes/.npm/registry.npmjs.org/grunt-geth on PUT
34 error publish Failed PUT 403
35 verbose stack Error: "You cannot publish over the previously published version 0.1.2." : grunt-geth
35 verbose stack     at makeError (/Users/aakilfernandes/.nvm/versions/node/v4.0.0/lib/node_modules/npm/node_modules/npm-registry-client/lib/request.js:263:12)
35 verbose stack     at CachingRegistryClient.<anonymous> (/Users/aakilfernandes/.nvm/versions/node/v4.0.0/lib/node_modules/npm/node_modules/npm-registry-client/lib/request.js:251:14)
35 verbose stack     at Request._callback (/Users/aakilfernandes/.nvm/versions/node/v4.0.0/lib/node_modules/npm/node_modules/npm-registry-client/lib/request.js:171:14)
35 verbose stack     at Request.self.callback (/Users/aakilfernandes/.nvm/versions/node/v4.0.0/lib/node_modules/npm/node_modules/request/request.js:198:22)
35 verbose stack     at emitTwo (events.js:87:13)
35 verbose stack     at Request.emit (events.js:172:7)
35 verbose stack     at Request.<anonymous> (/Users/aakilfernandes/.nvm/versions/node/v4.0.0/lib/node_modules/npm/node_modules/request/request.js:1073:14)
35 verbose stack     at emitOne (events.js:82:20)
35 verbose stack     at Request.emit (events.js:169:7)
35 verbose stack     at IncomingMessage.<anonymous> (/Users/aakilfernandes/.nvm/versions/node/v4.0.0/lib/node_modules/npm/node_modules/request/request.js:1019:12)
36 verbose statusCode 403
37 verbose pkgid grunt-geth
38 verbose cwd /Users/aakilfernandes/projects/safemarket/grunt-geth
39 error Darwin 14.5.0
40 error argv "/Users/aakilfernandes/.nvm/versions/node/v4.0.0/bin/node" "/Users/aakilfernandes/.nvm/versions/node/v4.0.0/bin/npm" "publish"
41 error node v4.0.0
42 error npm  v2.14.2
43 error code E403
44 error "You cannot publish over the previously published version 0.1.2." : grunt-geth
45 error If you need help, you may report this error at:
45 error     <https://github.com/npm/npm/issues>
46 verbose exit [ 1, true ]
